# JRE version: OpenJDK Runtime Environment (8.0_242) (build 1.8.0_242-release-1644-b3-6915495)
# Java VM: OpenJDK 64-Bit Server VM (25.242-b3-6915495 mixed mode bsd-amd64 compressed oops)
Heap:
 PSYoungGen      total 540672K, used 439186K [0x0000000795580000, 0x00000007bd100000, 0x00000007c0000000)
  eden space 495104K, 79% used [0x0000000795580000,0x00000007ad5ffa00,0x00000007b3900000)
  from space 45568K, 99% used [0x00000007b5100000,0x00000007b7d651c8,0x00000007b7d80000)
  to   space 77824K, 0% used [0x00000007b8500000,0x00000007b8500000,0x00000007bd100000)
 ParOldGen       total 330240K, used 156640K [0x0000000740000000, 0x0000000754280000, 0x0000000795580000)
  object space 330240K, 47% used [0x0000000740000000,0x00000007498f8238,0x0000000754280000)
 Metaspace       used 104274K, capacity 111186K, committed 111528K, reserved 1146880K
  class space    used 13206K, capacity 14399K, committed 14512K, reserved 1048576K
GC Heap History (10 events):
Event: 8247.206 GC heap before
{Heap before GC invocations=19 (full 4):
 PSYoungGen      total 594432K, used 555871K [0x0000000795580000, 0x00000007bf380000, 0x00000007c0000000)
  eden space 521216K, 100% used [0x0000000795580000,0x00000007b5280000,0x00000007b5280000)
  from space 73216K, 47% used [0x00000007bac00000,0x00000007bcdd7dc8,0x00000007bf380000)
  to   space 82432K, 0% used [0x00000007b5280000,0x00000007b5280000,0x00000007ba300000)
 ParOldGen       total 330240K, used 156600K [0x0000000740000000, 0x0000000754280000, 0x0000000795580000)
  object space 330240K, 47% used [0x0000000740000000,0x00000007498ee238,0x0000000754280000)
 Metaspace       used 100270K, capacity 105220K, committed 105512K, reserved 1140736K
  class space    used 12868K, capacity 13762K, committed 13872K, reserved 1048576K
Event: 8247.978 GC heap after
Heap after GC invocations=19 (full 4):
 PSYoungGen      total 603648K, used 18333K [0x0000000795580000, 0x00000007c0000000, 0x00000007c0000000)
  eden space 521216K, 0% used [0x0000000795580000,0x0000000795580000,0x00000007b5280000)
  from space 82432K, 22% used [0x00000007b5280000,0x00000007b6467600,0x00000007ba300000)
  to   space 79360K, 0% used [0x00000007bb280000,0x00000007bb280000,0x00000007c0000000)
 ParOldGen       total 330240K, used 156608K [0x0000000740000000, 0x0000000754280000, 0x0000000795580000)
  object space 330240K, 47% used [0x0000000740000000,0x00000007498f0238,0x0000000754280000)
 Metaspace       used 100270K, capacity 105220K, committed 105512K, reserved 1140736K
  class space    used 12868K, capacity 13762K, committed 13872K, reserved 1048576K
}
Event: 8254.668 GC heap before
{Heap before GC invocations=20 (full 4):
 PSYoungGen      total 603648K, used 539549K [0x0000000795580000, 0x00000007c0000000, 0x00000007c0000000)
  eden space 521216K, 100% used [0x0000000795580000,0x00000007b5280000,0x00000007b5280000)
  from space 82432K, 22% used [0x00000007b5280000,0x00000007b6467600,0x00000007ba300000)
  to   space 79360K, 0% used [0x00000007bb280000,0x00000007bb280000,0x00000007c0000000)
 ParOldGen       total 330240K, used 156608K [0x0000000740000000, 0x0000000754280000, 0x0000000795580000)
  object space 330240K, 47% used [0x0000000740000000,0x00000007498f0238,0x0000000754280000)
 Metaspace       used 101126K, capacity 106406K, committed 106536K, reserved 1142784K
  class space    used 12917K, capacity 13851K, committed 13872K, reserved 1048576K
Event: 8254.738 GC heap after
Heap after GC invocations=20 (full 4):
 PSYoungGen      total 609280K, used 37134K [0x0000000795580000, 0x00000007bf900000, 0x00000007c0000000)
  eden space 537088K, 0% used [0x0000000795580000,0x0000000795580000,0x00000007b6200000)
  from space 72192K, 51% used [0x00000007bb280000,0x00000007bd6c3958,0x00000007bf900000)
  to   space 77312K, 0% used [0x00000007b6200000,0x00000007b6200000,0x00000007bad80000)
 ParOldGen       total 330240K, used 156616K [0x0000000740000000, 0x0000000754280000, 0x0000000795580000)
  object space 330240K, 47% used [0x0000000740000000,0x00000007498f2238,0x0000000754280000)
 Metaspace       used 101126K, capacity 106406K, committed 106536K, reserved 1142784K
  class space    used 12917K, capacity 13851K, committed 13872K, reserved 1048576K
}
Event: 10154.686 GC heap before
{Heap before GC invocations=21 (full 4):
 PSYoungGen      total 609280K, used 574222K [0x0000000795580000, 0x00000007bf900000, 0x00000007c0000000)
  eden space 537088K, 100% used [0x0000000795580000,0x00000007b6200000,0x00000007b6200000)
  from space 72192K, 51% used [0x00000007bb280000,0x00000007bd6c3958,0x00000007bf900000)
  to   space 77312K, 0% used [0x00000007b6200000,0x00000007b6200000,0x00000007bad80000)
 ParOldGen       total 330240K, used 156616K [0x0000000740000000, 0x0000000754280000, 0x0000000795580000)
  object space 330240K, 47% used [0x0000000740000000,0x00000007498f2238,0x0000000754280000)
 Metaspace       used 101688K, capacity 107142K, committed 107432K, reserved 1142784K
  class space    used 12956K, capacity 13919K, committed 14000K, reserved 1048576K
Event: 10154.842 GC heap after
Heap after GC invocations=21 (full 4):
 PSYoungGen      total 614400K, used 21038K [0x0000000795580000, 0x00000007bff00000, 0x00000007c0000000)
  eden space 537088K, 0% used [0x0000000795580000,0x0000000795580000,0x00000007b6200000)
  from space 77312K, 27% used [0x00000007b6200000,0x00000007b768b9e8,0x00000007bad80000)
  to   space 74240K, 0% used [0x00000007bb680000,0x00000007bb680000,0x00000007bff00000)
 ParOldGen       total 330240K, used 156624K [0x0000000740000000, 0x0000000754280000, 0x0000000795580000)
  object space 330240K, 47% used [0x0000000740000000,0x00000007498f4238,0x0000000754280000)
 Metaspace       used 101688K, capacity 107142K, committed 107432K, reserved 1142784K
  class space    used 12956K, capacity 13919K, committed 14000K, reserved 1048576K
}
Event: 11292.579 GC heap before
{Heap before GC invocations=22 (full 4):
 PSYoungGen      total 614400K, used 558126K [0x0000000795580000, 0x00000007bff00000, 0x00000007c0000000)
  eden space 537088K, 100% used [0x0000000795580000,0x00000007b6200000,0x00000007b6200000)
  from space 77312K, 27% used [0x00000007b6200000,0x00000007b768b9e8,0x00000007bad80000)
  to   space 74240K, 0% used [0x00000007bb680000,0x00000007bb680000,0x00000007bff00000)
 ParOldGen       total 330240K, used 156624K [0x0000000740000000, 0x0000000754280000, 0x0000000795580000)
  object space 330240K, 47% used [0x0000000740000000,0x00000007498f4238,0x0000000754280000)
 Metaspace       used 102793K, capacity 108650K, committed 108840K, reserved 1144832K
  class space    used 13042K, capacity 14103K, committed 14128K, reserved 1048576K
Event: 11292.879 GC heap after
Heap after GC invocations=22 (full 4):
 PSYoungGen      total 566272K, used 50379K [0x0000000795580000, 0x00000007be800000, 0x00000007c0000000)
  eden space 515584K, 0% used [0x0000000795580000,0x0000000795580000,0x00000007b4d00000)
  from space 50688K, 99% used [0x00000007bb680000,0x00000007be7b2f58,0x00000007be800000)
  to   space 77312K, 0% used [0x00000007b5100000,0x00000007b5100000,0x00000007b9c80000)
 ParOldGen       total 330240K, used 156632K [0x0000000740000000, 0x0000000754280000, 0x0000000795580000)
  object space 330240K, 47% used [0x0000000740000000,0x00000007498f6238,0x0000000754280000)
 Metaspace       used 102793K, capacity 108650K, committed 108840K, reserved 1144832K
  class space    used 13042K, capacity 14103K, committed 14128K, reserved 1048576K
}
Event: 11516.280 GC heap before
{Heap before GC invocations=23 (full 4):
 PSYoungGen      total 566272K, used 565116K [0x0000000795580000, 0x00000007be800000, 0x00000007c0000000)
  eden space 515584K, 99% used [0x0000000795580000,0x00000007b4c2c138,0x00000007b4d00000)
  from space 50688K, 99% used [0x00000007bb680000,0x00000007be7b2f58,0x00000007be800000)
  to   space 77312K, 0% used [0x00000007b5100000,0x00000007b5100000,0x00000007b9c80000)
 ParOldGen       total 330240K, used 156632K [0x0000000740000000, 0x0000000754280000, 0x0000000795580000)
  object space 330240K, 47% used [0x0000000740000000,0x00000007498f6238,0x0000000754280000)
 Metaspace       used 104108K, capacity 110974K, committed 111272K, reserved 1146880K
  class space    used 13195K, capacity 14385K, committed 14512K, reserved 1048576K
Event: 11516.475 GC heap after
Heap after GC invocations=23 (full 4):
 PSYoungGen      total 540672K, used 45460K [0x0000000795580000, 0x00000007bd100000, 0x00000007c0000000)
  eden space 495104K, 0% used [0x0000000795580000,0x0000000795580000,0x00000007b3900000)
  from space 45568K, 99% used [0x00000007b5100000,0x00000007b7d651c8,0x00000007b7d80000)
  to   space 77824K, 0% used [0x00000007b8500000,0x00000007b8500000,0x00000007bd100000)
 ParOldGen       total 330240K, used 156640K [0x0000000740000000, 0x0000000754280000, 0x0000000795580000)
  object space 330240K, 47% used [0x0000000740000000,0x00000007498f8238,0x0000000754280000)
 Metaspace       used 104108K, capacity 110974K, committed 111272K, reserved 1146880K
  class space    used 13195K, capacity 14385K, committed 14512K, reserved 1048576K
}

